<?xml version="1.0" encoding="UTF-8"?>
<!-- Generated by org.testng.reporters.JUnitXMLReporter -->
<testsuite hostname="MSDES13" ignored="0" name="Test3" tests="3" failures="0" timestamp="2020-02-10T11:49:27 IST" time="0.07" errors="0">
  <testcase name="@BeforeTest setUp" time="-1.581315566938E9" classname="CrossBrowserTestingInJavaSelenium.MultiBrowserTest">
    <failure type="org.testng.TestNGException" message="
Parameter &amp;apos;sbrowserName&amp;apos; is required by BeforeTest on method setUp but has not been marked @Optional or defined
in D:\VidyaWorkspace\SeleniumWorkspace\SeleniumJava\SeleniumBasics_Java\XMLFiles\CBTesting1\testng.xml">
      <![CDATA[org.testng.TestNGException: 
Parameter 'sbrowserName' is required by BeforeTest on method setUp but has not been marked @Optional or defined
in D:\VidyaWorkspace\SeleniumWorkspace\SeleniumJava\SeleniumBasics_Java\XMLFiles\CBTesting1\testng.xml
at java.util.concurrent.FutureTask.run(FutureTask.java:266)
at java.util.concurrent.ThreadPoolExecutor.runWorker(ThreadPoolExecutor.java:1149)
at java.util.concurrent.ThreadPoolExecutor$Worker.run(ThreadPoolExecutor.java:624)
at java.lang.Thread.run(Thread.java:748)
... Removed 12 stack frames]]>
    </failure>
  </testcase> <!-- @BeforeTest setUp -->
  <testcase name="@AfterTest tearDown" time="-1.581315566986E9" classname="CrossBrowserTestingInJavaSelenium.MultiBrowserTest">
    <skipped/>
  </testcase> <!-- @AfterTest tearDown -->
  <testcase name="Test1" time="0.0" classname="CrossBrowserTestingInJavaSelenium.MultiBrowserTest">
    <skipped/>
  </testcase> <!-- Test1 -->
  <testcase name="Test1" time="0.0" classname="CrossBrowserTestingInJavaSelenium.MultiBrowserTest">
    <skipped/>
  </testcase> <!-- Test1 -->
  <testcase name="Test1" time="0.0" classname="CrossBrowserTestingInJavaSelenium.MultiBrowserTest">
    <skipped/>
  </testcase> <!-- Test1 -->
</testsuite> <!-- Test3 -->
